Unknown:
C:\Users\kraj4\Documents\NTU Stuff\FYP\Simulations\LPDA_v1\Result\farfield (f=538)1D_1.ffp
C:\Users\kraj4\Documents\NTU Stuff\FYP\Simulations\LPDA_v1\Result\farfield (f=538)1D_1_calc.ffp
C:\Users\kraj4\Documents\NTU Stuff\FYP\Simulations\LPDA_v1\Result\farfield (f=538)2D_1.ffp
C:\Users\kraj4\Documents\NTU Stuff\FYP\Simulations\LPDA_v1\Result\farfield (f=538)_1.fme
C:\Users\kraj4\Documents\NTU Stuff\FYP\Simulations\LPDA_v1\Result\ff_2d_plot_cache.dat
C:\Users\kraj4\Documents\NTU Stuff\FYP\Simulations\LPDA_v1\Result\hardware_resources.sconf
C:\Users\kraj4\Documents\NTU Stuff\FYP\Simulations\LPDA_v1\Result\Hex.gap
C:\Users\kraj4\Documents\NTU Stuff\FYP\Simulations\LPDA_v1\Result\MCalc.ddi
C:\Users\kraj4\Documents\NTU Stuff\FYP\Simulations\LPDA_v1\Result\MCalc.log
C:\Users\kraj4\Documents\NTU Stuff\FYP\Simulations\LPDA_v1\Result\ml_info.log
C:\Users\kraj4\Documents\NTU Stuff\FYP\Simulations\LPDA_v1\Result\Model.axg
C:\Users\kraj4\Documents\NTU Stuff\FYP\Simulations\LPDA_v1\Result\Model.ddi
C:\Users\kraj4\Documents\NTU Stuff\FYP\Simulations\LPDA_v1\Result\Model.log
C:\Users\kraj4\Documents\NTU Stuff\FYP\Simulations\LPDA_v1\Result\Model.sa
C:\Users\kraj4\Documents\NTU Stuff\FYP\Simulations\LPDA_v1\Result\Model.sam
C:\Users\kraj4\Documents\NTU Stuff\FYP\Simulations\LPDA_v1\Result\ModelPBA.axg
C:\Users\kraj4\Documents\NTU Stuff\FYP\Simulations\LPDA_v1\Result\m^fbqq.dsc
C:\Users\kraj4\Documents\NTU Stuff\FYP\Simulations\LPDA_v1\Result\m^fifx.dsc
C:\Users\kraj4\Documents\NTU Stuff\FYP\Simulations\LPDA_v1\Result\m^fqq.dsc
C:\Users\kraj4\Documents\NTU Stuff\FYP\Simulations\LPDA_v1\Result\Ports.web
C:\Users\kraj4\Documents\NTU Stuff\FYP\Simulations\LPDA_v1\Result\Postprocessing.log
C:\Users\kraj4\Documents\NTU Stuff\FYP\Simulations\LPDA_v1\Result\PP-MCalc.log
C:\Users\kraj4\Documents\NTU Stuff\FYP\Simulations\LPDA_v1\Result\PP-Prio.log
C:\Users\kraj4\Documents\NTU Stuff\FYP\Simulations\LPDA_v1\Result\p^a.dsc
C:\Users\kraj4\Documents\NTU Stuff\FYP\Simulations\LPDA_v1\Result\P^m^fbqq.slog
C:\Users\kraj4\Documents\NTU Stuff\FYP\Simulations\LPDA_v1\Result\P^m^fqq.slog
C:\Users\kraj4\Documents\NTU Stuff\FYP\Simulations\LPDA_v1\Result\P^p^m.slog
C:\Users\kraj4\Documents\NTU Stuff\FYP\Simulations\LPDA_v1\Result\P^s^pm.slog
C:\Users\kraj4\Documents\NTU Stuff\FYP\Simulations\LPDA_v1\Result\WEP.log
Mesh:
C:\Users\kraj4\Documents\NTU Stuff\FYP\Simulations\LPDA_v1\Result\dA.mat
C:\Users\kraj4\Documents\NTU Stuff\FYP\Simulations\LPDA_v1\Result\dad.mat
C:\Users\kraj4\Documents\NTU Stuff\FYP\Simulations\LPDA_v1\Result\ds.mat
C:\Users\kraj4\Documents\NTU Stuff\FYP\Simulations\LPDA_v1\Result\dsd.mat
C:\Users\kraj4\Documents\NTU Stuff\FYP\Simulations\LPDA_v1\Result\dsMCalc.mat
C:\Users\kraj4\Documents\NTU Stuff\FYP\Simulations\LPDA_v1\Result\Eps.mat
C:\Users\kraj4\Documents\NTU Stuff\FYP\Simulations\LPDA_v1\Result\HexMatrix.m2h
C:\Users\kraj4\Documents\NTU Stuff\FYP\Simulations\LPDA_v1\Result\HexMatrix_MCalc.m2h
C:\Users\kraj4\Documents\NTU Stuff\FYP\Simulations\LPDA_v1\Result\MCalc.fmp
C:\Users\kraj4\Documents\NTU Stuff\FYP\Simulations\LPDA_v1\Result\MCalc.xcfd
C:\Users\kraj4\Documents\NTU Stuff\FYP\Simulations\LPDA_v1\Result\MCalcCCS_c.mson
C:\Users\kraj4\Documents\NTU Stuff\FYP\Simulations\LPDA_v1\Result\Model-fmf.msqlite
C:\Users\kraj4\Documents\NTU Stuff\FYP\Simulations\LPDA_v1\Result\Model.cct
C:\Users\kraj4\Documents\NTU Stuff\FYP\Simulations\LPDA_v1\Result\Model.fmf
C:\Users\kraj4\Documents\NTU Stuff\FYP\Simulations\LPDA_v1\Result\Model.fmm
C:\Users\kraj4\Documents\NTU Stuff\FYP\Simulations\LPDA_v1\Result\Model.fpc
C:\Users\kraj4\Documents\NTU Stuff\FYP\Simulations\LPDA_v1\Result\Model.fwf
C:\Users\kraj4\Documents\NTU Stuff\FYP\Simulations\LPDA_v1\Result\Model.sid
C:\Users\kraj4\Documents\NTU Stuff\FYP\Simulations\LPDA_v1\Result\Model.spi
C:\Users\kraj4\Documents\NTU Stuff\FYP\Simulations\LPDA_v1\Result\Model.xcfd
C:\Users\kraj4\Documents\NTU Stuff\FYP\Simulations\LPDA_v1\Result\Mue.mat
C:\Users\kraj4\Documents\NTU Stuff\FYP\Simulations\LPDA_v1\Result\m^fbqq.mem
C:\Users\kraj4\Documents\NTU Stuff\FYP\Simulations\LPDA_v1\Result\m^fqq.mem
C:\Users\kraj4\Documents\NTU Stuff\FYP\Simulations\LPDA_v1\Result\PEC.mat
C:\Users\kraj4\Documents\NTU Stuff\FYP\Simulations\LPDA_v1\Result\Ports.fpt
C:\Users\kraj4\Documents\NTU Stuff\FYP\Simulations\LPDA_v1\Result\p^a.mem
C:\Users\kraj4\Documents\NTU Stuff\FYP\Simulations\LPDA_v1\Result\p^m.mem
C:\Users\kraj4\Documents\NTU Stuff\FYP\Simulations\LPDA_v1\Result\Rho.mat
C:\Users\kraj4\Documents\NTU Stuff\FYP\Simulations\LPDA_v1\Result\S2HMatrix.m2h
C:\Users\kraj4\Documents\NTU Stuff\FYP\Simulations\LPDA_v1\Result\Shapes.con
C:\Users\kraj4\Documents\NTU Stuff\FYP\Simulations\LPDA_v1\Result\s^pm.mem
Port:
C:\Users\kraj4\Documents\NTU Stuff\FYP\Simulations\LPDA_v1\Result\Model.pmi
